21:39:38.232 [main] DEBUG com.intuit.karate.Suite - [config] classpath:karate-config.js
21:39:38.535 [main] INFO  com.intuit.karate - karate.env system property was: null 
21:39:38.570 [main] DEBUG com.intuit.karate.shell.Command - found / verified free local port: 9222
21:39:38.571 [chrome_1657510778564] DEBUG c.i.k.driver.chrome_1657510778564 - command: [/Applications/Google Chrome.app/Contents/MacOS/Google Chrome, --remote-debugging-port=9222, --no-first-run, --user-data-dir=/Users/katherineperezgonzalez/eclipse-workspace/Exercise-1/target/chrome_1657510778564, --disable-popup-blocking], working dir: target/chrome_1657510778564
21:39:38.573 [main] DEBUG c.i.k.driver.chrome_1657510778564 - poll attempt #0 for port to be ready - localhost:9222
21:39:38.829 [main] DEBUG c.i.k.driver.chrome_1657510778564 - poll attempt #1 for port to be ready - localhost:9222
21:39:38.917 [chrome_1657510778564-out] DEBUG c.i.k.driver.chrome_1657510778564 - 
21:39:38.950 [chrome_1657510778564-out] DEBUG c.i.k.driver.chrome_1657510778564 - DevTools listening on ws://127.0.0.1:9222/devtools/browser/8cb4bb06-c95a-40f8-8235-29857b48f12f
21:39:39.085 [main] DEBUG c.i.k.driver.chrome_1657510778564 - poll attempt #2 for port to be ready - localhost:9222
21:39:39.204 [main] DEBUG com.intuit.karate - request:
1 > GET http://localhost:9222/json
1 > Host: localhost:9222
1 > Connection: Keep-Alive
1 > User-Agent: Apache-HttpClient/4.5.13 (Java/18.0.1.1)
1 > Accept-Encoding: gzip,deflate


21:39:39.234 [chrome_1657510778564-out] DEBUG c.i.k.driver.chrome_1657510778564 - objc[46954]: Class WebSwapCGLLayer is implemented in both /System/Library/Frameworks/WebKit.framework/Versions/A/Frameworks/WebCore.framework/Versions/A/Frameworks/libANGLE-shared.dylib (0x215bff808) and /Applications/Google Chrome.app/Contents/Frameworks/Google Chrome Framework.framework/Versions/103.0.5060.114/Libraries/libGLESv2.dylib (0x10613d3f8). One of the two will be used. Which one is undefined.
21:39:39.362 [main] DEBUG com.intuit.karate - response time in milliseconds: 157
1 < 200
1 < Content-Length: 375
1 < Content-Type: application/json; charset=UTF-8
[ {
   "description": "",
   "devtoolsFrontendUrl": "/devtools/inspector.html?ws=localhost:9222/devtools/page/67252CE3E4FE0F62F01F7642FB907C23",
   "id": "67252CE3E4FE0F62F01F7642FB907C23",
   "title": "",
   "type": "page",
   "url": "chrome://welcome/?variant=everywhere",
   "webSocketDebuggerUrl": "ws://localhost:9222/devtools/page/67252CE3E4FE0F62F01F7642FB907C23"
} ]


21:39:39.368 [main] DEBUG com.intuit.karate.shell.Command - ready to accept http connections after 268 ms - http://localhost:9222/json
21:39:39.384 [main] DEBUG com.intuit.karate - request:
1 > GET http://localhost:9222/json
1 > Host: localhost:9222
1 > Connection: Keep-Alive
1 > User-Agent: Apache-HttpClient/4.5.13 (Java/18.0.1.1)
1 > Accept-Encoding: gzip,deflate


21:39:39.386 [main] DEBUG com.intuit.karate - response time in milliseconds: 1
1 < 200
1 < Content-Length: 1736
1 < Content-Type: application/json; charset=UTF-8
[ {
   "description": "",
   "devtoolsFrontendUrl": "/devtools/inspector.html?ws=localhost:9222/devtools/page/E4C0B5CF69B044829EE26AFDB78206DD",
   "id": "E4C0B5CF69B044829EE26AFDB78206DD",
   "title": "CryptoTokenExtension",
   "type": "background_page",
   "url": "chrome-extension://kmendfapggjehodndflmmgagdbamhnfd/_generated_background_page.html",
   "webSocketDebuggerUrl": "ws://localhost:9222/devtools/page/E4C0B5CF69B044829EE26AFDB78206DD"
}, {
   "description": "",
   "devtoolsFrontendUrl": "/devtools/inspector.html?ws=localhost:9222/devtools/page/5D4B44463B9F8B0324E950ADD50731BE",
   "id": "5D4B44463B9F8B0324E950ADD50731BE",
   "title": "Google Network Speech",
   "type": "background_page",
   "url": "chrome-extension://neajdppkdcdipfabeoofebfddakdcjhd/_generated_background_page.html",
   "webSocketDebuggerUrl": "ws://localhost:9222/devtools/page/5D4B44463B9F8B0324E950ADD50731BE"
}, {
   "description": "",
   "devtoolsFrontendUrl": "/devtools/inspector.html?ws=localhost:9222/devtools/page/4D4935B1B0E15FFBA14911573BB6345F",
   "id": "4D4935B1B0E15FFBA14911573BB6345F",
   "title": "Google Hangouts",
   "type": "background_page",
   "url": "chrome-extension://nkeimhogjdpnpccoofpliimaahmaaome/background.html",
   "webSocketDebuggerUrl": "ws://localhost:9222/devtools/page/4D4935B1B0E15FFBA14911573BB6345F"
}, {
   "description": "",
   "devtoolsFrontendUrl": "/devtools/inspector.html?ws=localhost:9222/devtools/page/67252CE3E4FE0F62F01F7642FB907C23",
   "id": "67252CE3E4FE0F62F01F7642FB907C23",
   "title": "Te damos la bienvenida a Chrome",
   "type": "page",
   "url": "chrome://welcome/?variant=everywhere",
   "webSocketDebuggerUrl": "ws://localhost:9222/devtools/page/67252CE3E4FE0F62F01F7642FB907C23"
} ]


21:39:39.407 [main] DEBUG c.i.k.driver.chrome_1657510778564 - root frame id: 67252CE3E4FE0F62F01F7642FB907C23
21:39:39.543 [nioEventLoopGroup-2-1] DEBUG c.i.k.http.WebSocketClientHandler - websocket client connected
21:39:39.551 [main] DEBUG c.i.k.driver.chrome_1657510778564 - >> {"id":1,"method":"Target.attachToTarget","params":{"targetId":"67252CE3E4FE0F62F01F7642FB907C23","flatten":true}}
21:39:39.560 [nioEventLoopGroup-2-1] DEBUG c.i.k.driver.chrome_1657510778564 - << {"method":"Target.attachedToTarget","params":{"sessionId":"A3D9D61A4B08F7E66678F362D91F6AB1","targetInfo":{"targetId":"67252CE3E4FE0F62F01F7642FB907C23","type":"page","title":"Te damos la bienvenida a Chrome","url":"chrome://welcome/","attached":true,"canAccessOpener":false,"browserContextId":"DDDC7E3878D7CC440404011E91DDC41C"},"waitingForDebugger":false}}
21:39:39.570 [nioEventLoopGroup-2-1] DEBUG c.i.k.driver.chrome_1657510778564 - << {"id":1,"result":{"sessionId":"A3D9D61A4B08F7E66678F362D91F6AB1"}}
21:39:39.570 [main] DEBUG c.i.k.driver.chrome_1657510778564 - >> {"id":2,"sessionId":"A3D9D61A4B08F7E66678F362D91F6AB1","method":"Target.activateTarget","params":{"targetId":"67252CE3E4FE0F62F01F7642FB907C23"}}
21:39:39.573 [nioEventLoopGroup-2-1] DEBUG c.i.k.driver.chrome_1657510778564 - << {"id":2,"result":{},"sessionId":"A3D9D61A4B08F7E66678F362D91F6AB1"}
21:39:39.587 [main] DEBUG c.i.k.driver.chrome_1657510778564 - >> {"id":3,"sessionId":"A3D9D61A4B08F7E66678F362D91F6AB1","method":"Target.setDiscoverTargets","params":{"discover":true}}
21:39:39.590 [nioEventLoopGroup-2-1] DEBUG c.i.k.driver.chrome_1657510778564 - << {"method":"Target.targetCreated","params":{"targetInfo":{"targetId":"4D4935B1B0E15FFBA14911573BB6345F","type":"background_page","title":"Google Hangouts","url":"chrome-extension://nkeimhogjdpnpccoofpliimaahmaaome/background.html","attached":false,"canAccessOpener":false,"browserContextId":"DDDC7E3878D7CC440404011E91DDC41C"}},"sessionId":"A3D9D61A4B08F7E66678F362D91F6AB1"}
21:39:39.606 [nioEventLoopGroup-2-1] DEBUG c.i.k.driver.chrome_1657510778564 - << {"method":"Target.targetCreated","params":{"targetInfo":{"targetId":"5D4B44463B9F8B0324E950ADD50731BE","type":"background_page","title":"Google Network Speech","url":"chrome-extension://neajdppkdcdipfabeoofebfddakdcjhd/_generated_background_page.html","attached":false,"canAccessOpener":false,"browserContextId":"DDDC7E3878D7CC440404011E91DDC41C"}},"sessionId":"A3D9D61A4B08F7E66678F362D91F6AB1"}
21:39:39.606 [nioEventLoopGroup-2-1] DEBUG c.i.k.driver.chrome_1657510778564 - << {"method":"Target.targetCreated","params":{"targetInfo":{"targetId":"67252CE3E4FE0F62F01F7642FB907C23","type":"page","title":"Te damos la bienvenida a Chrome","url":"chrome://welcome/","attached":true,"canAccessOpener":false,"browserContextId":"DDDC7E3878D7CC440404011E91DDC41C"}},"sessionId":"A3D9D61A4B08F7E66678F362D91F6AB1"}
21:39:39.607 [nioEventLoopGroup-2-1] DEBUG c.i.k.driver.chrome_1657510778564 - << {"method":"Target.targetCreated","params":{"targetInfo":{"targetId":"E4C0B5CF69B044829EE26AFDB78206DD","type":"background_page","title":"CryptoTokenExtension","url":"chrome-extension://kmendfapggjehodndflmmgagdbamhnfd/_generated_background_page.html","attached":false,"canAccessOpener":false,"browserContextId":"DDDC7E3878D7CC440404011E91DDC41C"}},"sessionId":"A3D9D61A4B08F7E66678F362D91F6AB1"}
21:39:39.623 [nioEventLoopGroup-2-1] DEBUG c.i.k.driver.chrome_1657510778564 - << {"id":3,"result":{},"sessionId":"A3D9D61A4B08F7E66678F362D91F6AB1"}
21:39:39.624 [main] DEBUG c.i.k.driver.chrome_1657510778564 - >> {"id":4,"sessionId":"A3D9D61A4B08F7E66678F362D91F6AB1","method":"Page.enable"}
21:39:39.625 [nioEventLoopGroup-2-1] DEBUG c.i.k.driver.chrome_1657510778564 - << {"id":4,"result":{},"sessionId":"A3D9D61A4B08F7E66678F362D91F6AB1"}
21:39:39.642 [main] DEBUG c.i.k.driver.chrome_1657510778564 - >> {"id":5,"sessionId":"A3D9D61A4B08F7E66678F362D91F6AB1","method":"Runtime.enable"}
21:39:39.643 [nioEventLoopGroup-2-1] DEBUG c.i.k.driver.chrome_1657510778564 - << {"method":"Runtime.executionContextCreated","params":{"context":{"id":1,"origin":"chrome://welcome","name":"","uniqueId":"-2621449977649706035.5407970858788381759","auxData":{"isDefault":true,"type":"default","frameId":"67252CE3E4FE0F62F01F7642FB907C23"}}},"sessionId":"A3D9D61A4B08F7E66678F362D91F6AB1"}
21:39:39.662 [nioEventLoopGroup-2-1] DEBUG c.i.k.driver.chrome_1657510778564 - << {"id":5,"result":{},"sessionId":"A3D9D61A4B08F7E66678F362D91F6AB1"}
21:39:39.662 [main] DEBUG c.i.k.driver.chrome_1657510778564 - >> {"id":6,"sessionId":"A3D9D61A4B08F7E66678F362D91F6AB1","method":"Browser.getWindowForTarget","params":{"targetId":"67252CE3E4FE0F62F01F7642FB907C23"}}
21:39:39.663 [nioEventLoopGroup-2-1] DEBUG c.i.k.driver.chrome_1657510778564 - << {"id":6,"result":{"windowId":1,"bounds":{"left":22,"top":60,"width":1200,"height":953,"windowState":"normal"}},"sessionId":"A3D9D61A4B08F7E66678F362D91F6AB1"}
21:39:39.719 [main] DEBUG c.i.k.driver.chrome_1657510778564 - >> {"id":7,"sessionId":"A3D9D61A4B08F7E66678F362D91F6AB1","method":"Page.navigate","params":{"url":"https:\/\/www.saucedemo.com\/"}}
21:39:40.096 [nioEventLoopGroup-2-1] DEBUG c.i.k.driver.chrome_1657510778564 - << {"id":7,"result":{"frameId":"67252CE3E4FE0F62F01F7642FB907C23","loaderId":"451AB537F49027DA08ADFF8DAD1010EE"},"sessionId":"A3D9D61A4B08F7E66678F362D91F6AB1"}
21:39:40.097 [nioEventLoopGroup-2-1] DEBUG c.i.k.driver.chrome_1657510778564 - << {"method":"Runtime.executionContextsCleared","params":{},"sessionId":"A3D9D61A4B08F7E66678F362D91F6AB1"}
21:39:40.098 [nioEventLoopGroup-2-1] DEBUG c.i.k.driver.chrome_1657510778564 - << {"method":"Page.frameStartedLoading","params":{"frameId":"67252CE3E4FE0F62F01F7642FB907C23"},"sessionId":"A3D9D61A4B08F7E66678F362D91F6AB1"}
21:39:40.103 [nioEventLoopGroup-2-1] DEBUG c.i.k.driver.chrome_1657510778564 - << {"method":"Target.targetInfoChanged","params":{"targetInfo":{"targetId":"67252CE3E4FE0F62F01F7642FB907C23","type":"page","title":"https://www.saucedemo.com","url":"https://www.saucedemo.com/","attached":true,"canAccessOpener":false,"browserContextId":"DDDC7E3878D7CC440404011E91DDC41C"}},"sessionId":"A3D9D61A4B08F7E66678F362D91F6AB1"}
21:39:40.105 [nioEventLoopGroup-2-1] DEBUG c.i.k.driver.chrome_1657510778564 - << {"method":"Runtime.executionContextsCleared","params":{},"sessionId":"A3D9D61A4B08F7E66678F362D91F6AB1"}
21:39:40.105 [nioEventLoopGroup-2-1] DEBUG c.i.k.driver.chrome_1657510778564 - << {"method":"Page.frameNavigated","params":{"frame":{"id":"67252CE3E4FE0F62F01F7642FB907C23","loaderId":"451AB537F49027DA08ADFF8DAD1010EE","url":"https://www.saucedemo.com/","domainAndRegistry":"saucedemo.com","securityOrigin":"https://www.saucedemo.com","mimeType":"text/html","adFrameStatus":{"adFrameType":"none"},"secureContextType":"Secure","crossOriginIsolatedContextType":"NotIsolated","gatedAPIFeatures":[]},"type":"Navigation"},"sessionId":"A3D9D61A4B08F7E66678F362D91F6AB1"}
21:39:40.106 [nioEventLoopGroup-2-1] DEBUG c.i.k.driver.chrome_1657510778564 - << {"method":"Runtime.executionContextCreated","params":{"context":{"id":1,"origin":"https://www.saucedemo.com","name":"","uniqueId":"2630043890608036381.8703249410760964878","auxData":{"isDefault":true,"type":"default","frameId":"67252CE3E4FE0F62F01F7642FB907C23"}}},"sessionId":"A3D9D61A4B08F7E66678F362D91F6AB1"}
21:39:40.112 [chrome_1657510778564-out] DEBUG c.i.k.driver.chrome_1657510778564 - [46954:259:0710/213940.112038:ERROR:shared_image_manager.cc(228)] SharedImageManager::ProduceSkia: Trying to Produce a Skia representation from a non-existent mailbox.
21:39:40.112 [chrome_1657510778564-out] DEBUG c.i.k.driver.chrome_1657510778564 - [46954:259:0710/213940.112150:ERROR:shared_image_manager.cc(228)] SharedImageManager::ProduceSkia: Trying to Produce a Skia representation from a non-existent mailbox.
21:39:40.112 [chrome_1657510778564-out] DEBUG c.i.k.driver.chrome_1657510778564 - [46954:259:0710/213940.112260:ERROR:shared_image_manager.cc(228)] SharedImageManager::ProduceSkia: Trying to Produce a Skia representation from a non-existent mailbox.
21:39:40.112 [chrome_1657510778564-out] DEBUG c.i.k.driver.chrome_1657510778564 - [46954:259:0710/213940.112359:ERROR:shared_image_manager.cc(228)] SharedImageManager::ProduceSkia: Trying to Produce a Skia representation from a non-existent mailbox.
21:39:40.112 [chrome_1657510778564-out] DEBUG c.i.k.driver.chrome_1657510778564 - [46954:259:0710/213940.112560:ERROR:shared_image_manager.cc(228)] SharedImageManager::ProduceSkia: Trying to Produce a Skia representation from a non-existent mailbox.
21:39:40.112 [chrome_1657510778564-out] DEBUG c.i.k.driver.chrome_1657510778564 - [46954:259:0710/213940.112710:ERROR:shared_image_manager.cc(228)] SharedImageManager::ProduceSkia: Trying to Produce a Skia representation from a non-existent mailbox.
21:39:40.112 [chrome_1657510778564-out] DEBUG c.i.k.driver.chrome_1657510778564 - [46954:259:0710/213940.112756:ERROR:shared_image_manager.cc(228)] SharedImageManager::ProduceSkia: Trying to Produce a Skia representation from a non-existent mailbox.
21:39:40.112 [chrome_1657510778564-out] DEBUG c.i.k.driver.chrome_1657510778564 - [46954:259:0710/213940.112815:ERROR:shared_image_manager.cc(228)] SharedImageManager::ProduceSkia: Trying to Produce a Skia representation from a non-existent mailbox.
21:39:40.112 [chrome_1657510778564-out] DEBUG c.i.k.driver.chrome_1657510778564 - [46954:259:0710/213940.112850:ERROR:shared_image_manager.cc(228)] SharedImageManager::ProduceSkia: Trying to Produce a Skia representation from a non-existent mailbox.
21:39:40.498 [nioEventLoopGroup-2-1] DEBUG c.i.k.driver.chrome_1657510778564 - << {"method":"Page.domContentEventFired","params":{"timestamp":218278.258657},"sessionId":"A3D9D61A4B08F7E66678F362D91F6AB1"}
21:39:40.510 [main] DEBUG c.i.k.driver.chrome_1657510778564 - >> {"id":8,"sessionId":"A3D9D61A4B08F7E66678F362D91F6AB1","method":"Runtime.evaluate","params":{"expression":"var e = document.evaluate(\"\/\/input[@name='user-name']\", document, null, 9, null).singleNodeValue; e.focus(); try { e.selectionStart = e.selectionEnd = e.value.length } catch(x) {}","returnByValue":true}}
21:39:40.512 [nioEventLoopGroup-2-1] DEBUG c.i.k.driver.chrome_1657510778564 - << {"id":8,"result":{"result":{"type":"number","value":0,"description":"0"}},"sessionId":"A3D9D61A4B08F7E66678F362D91F6AB1"}
21:39:40.513 [main] DEBUG c.i.k.driver.chrome_1657510778564 - >> {"id":9,"sessionId":"A3D9D61A4B08F7E66678F362D91F6AB1","method":"Input.dispatchKeyEvent","params":{"modifiers":0,"type":"rawKeyDown","text":"s","windowsVirtualKeyCode":83}}
21:39:40.515 [nioEventLoopGroup-2-1] DEBUG c.i.k.driver.chrome_1657510778564 - << {"id":9,"result":{},"sessionId":"A3D9D61A4B08F7E66678F362D91F6AB1"}
21:39:40.516 [main] DEBUG c.i.k.driver.chrome_1657510778564 - >> {"id":10,"sessionId":"A3D9D61A4B08F7E66678F362D91F6AB1","method":"Input.dispatchKeyEvent","params":{"modifiers":0,"type":"char","text":"s","windowsVirtualKeyCode":83}}
21:39:40.522 [nioEventLoopGroup-2-1] DEBUG c.i.k.driver.chrome_1657510778564 - << {"id":10,"result":{},"sessionId":"A3D9D61A4B08F7E66678F362D91F6AB1"}
21:39:40.523 [main] DEBUG c.i.k.driver.chrome_1657510778564 - >> {"id":11,"sessionId":"A3D9D61A4B08F7E66678F362D91F6AB1","method":"Input.dispatchKeyEvent","params":{"modifiers":0,"type":"keyUp","text":"s","windowsVirtualKeyCode":83}}
21:39:40.524 [nioEventLoopGroup-2-1] DEBUG c.i.k.driver.chrome_1657510778564 - << {"id":11,"result":{},"sessionId":"A3D9D61A4B08F7E66678F362D91F6AB1"}
21:39:40.524 [main] DEBUG c.i.k.driver.chrome_1657510778564 - >> {"id":12,"sessionId":"A3D9D61A4B08F7E66678F362D91F6AB1","method":"Input.dispatchKeyEvent","params":{"modifiers":0,"type":"rawKeyDown","text":"t","windowsVirtualKeyCode":84}}
21:39:40.525 [nioEventLoopGroup-2-1] DEBUG c.i.k.driver.chrome_1657510778564 - << {"id":12,"result":{},"sessionId":"A3D9D61A4B08F7E66678F362D91F6AB1"}
21:39:40.525 [main] DEBUG c.i.k.driver.chrome_1657510778564 - >> {"id":13,"sessionId":"A3D9D61A4B08F7E66678F362D91F6AB1","method":"Input.dispatchKeyEvent","params":{"modifiers":0,"type":"char","text":"t","windowsVirtualKeyCode":84}}
21:39:40.527 [nioEventLoopGroup-2-1] DEBUG c.i.k.driver.chrome_1657510778564 - << {"id":13,"result":{},"sessionId":"A3D9D61A4B08F7E66678F362D91F6AB1"}
21:39:40.527 [main] DEBUG c.i.k.driver.chrome_1657510778564 - >> {"id":14,"sessionId":"A3D9D61A4B08F7E66678F362D91F6AB1","method":"Input.dispatchKeyEvent","params":{"modifiers":0,"type":"keyUp","text":"t","windowsVirtualKeyCode":84}}
21:39:40.528 [nioEventLoopGroup-2-1] DEBUG c.i.k.driver.chrome_1657510778564 - << {"id":14,"result":{},"sessionId":"A3D9D61A4B08F7E66678F362D91F6AB1"}
21:39:40.528 [main] DEBUG c.i.k.driver.chrome_1657510778564 - >> {"id":15,"sessionId":"A3D9D61A4B08F7E66678F362D91F6AB1","method":"Input.dispatchKeyEvent","params":{"modifiers":0,"type":"rawKeyDown","text":"a","windowsVirtualKeyCode":65}}
21:39:40.529 [nioEventLoopGroup-2-1] DEBUG c.i.k.driver.chrome_1657510778564 - << {"id":15,"result":{},"sessionId":"A3D9D61A4B08F7E66678F362D91F6AB1"}
21:39:40.530 [main] DEBUG c.i.k.driver.chrome_1657510778564 - >> {"id":16,"sessionId":"A3D9D61A4B08F7E66678F362D91F6AB1","method":"Input.dispatchKeyEvent","params":{"modifiers":0,"type":"char","text":"a","windowsVirtualKeyCode":65}}
21:39:40.531 [nioEventLoopGroup-2-1] DEBUG c.i.k.driver.chrome_1657510778564 - << {"id":16,"result":{},"sessionId":"A3D9D61A4B08F7E66678F362D91F6AB1"}
21:39:40.532 [main] DEBUG c.i.k.driver.chrome_1657510778564 - >> {"id":17,"sessionId":"A3D9D61A4B08F7E66678F362D91F6AB1","method":"Input.dispatchKeyEvent","params":{"modifiers":0,"type":"keyUp","text":"a","windowsVirtualKeyCode":65}}
21:39:40.533 [nioEventLoopGroup-2-1] DEBUG c.i.k.driver.chrome_1657510778564 - << {"id":17,"result":{},"sessionId":"A3D9D61A4B08F7E66678F362D91F6AB1"}
21:39:40.533 [main] DEBUG c.i.k.driver.chrome_1657510778564 - >> {"id":18,"sessionId":"A3D9D61A4B08F7E66678F362D91F6AB1","method":"Input.dispatchKeyEvent","params":{"modifiers":0,"type":"rawKeyDown","text":"n","windowsVirtualKeyCode":78}}
21:39:40.534 [nioEventLoopGroup-2-1] DEBUG c.i.k.driver.chrome_1657510778564 - << {"id":18,"result":{},"sessionId":"A3D9D61A4B08F7E66678F362D91F6AB1"}
21:39:40.534 [main] DEBUG c.i.k.driver.chrome_1657510778564 - >> {"id":19,"sessionId":"A3D9D61A4B08F7E66678F362D91F6AB1","method":"Input.dispatchKeyEvent","params":{"modifiers":0,"type":"char","text":"n","windowsVirtualKeyCode":78}}
21:39:40.535 [nioEventLoopGroup-2-1] DEBUG c.i.k.driver.chrome_1657510778564 - << {"id":19,"result":{},"sessionId":"A3D9D61A4B08F7E66678F362D91F6AB1"}
21:39:40.536 [main] DEBUG c.i.k.driver.chrome_1657510778564 - >> {"id":20,"sessionId":"A3D9D61A4B08F7E66678F362D91F6AB1","method":"Input.dispatchKeyEvent","params":{"modifiers":0,"type":"keyUp","text":"n","windowsVirtualKeyCode":78}}
21:39:40.536 [nioEventLoopGroup-2-1] DEBUG c.i.k.driver.chrome_1657510778564 - << {"id":20,"result":{},"sessionId":"A3D9D61A4B08F7E66678F362D91F6AB1"}
21:39:40.537 [main] DEBUG c.i.k.driver.chrome_1657510778564 - >> {"id":21,"sessionId":"A3D9D61A4B08F7E66678F362D91F6AB1","method":"Input.dispatchKeyEvent","params":{"modifiers":0,"type":"rawKeyDown","text":"d","windowsVirtualKeyCode":68}}
21:39:40.537 [nioEventLoopGroup-2-1] DEBUG c.i.k.driver.chrome_1657510778564 - << {"id":21,"result":{},"sessionId":"A3D9D61A4B08F7E66678F362D91F6AB1"}
21:39:40.537 [main] DEBUG c.i.k.driver.chrome_1657510778564 - >> {"id":22,"sessionId":"A3D9D61A4B08F7E66678F362D91F6AB1","method":"Input.dispatchKeyEvent","params":{"modifiers":0,"type":"char","text":"d","windowsVirtualKeyCode":68}}
21:39:40.539 [nioEventLoopGroup-2-1] DEBUG c.i.k.driver.chrome_1657510778564 - << {"id":22,"result":{},"sessionId":"A3D9D61A4B08F7E66678F362D91F6AB1"}
21:39:40.539 [main] DEBUG c.i.k.driver.chrome_1657510778564 - >> {"id":23,"sessionId":"A3D9D61A4B08F7E66678F362D91F6AB1","method":"Input.dispatchKeyEvent","params":{"modifiers":0,"type":"keyUp","text":"d","windowsVirtualKeyCode":68}}
21:39:40.540 [nioEventLoopGroup-2-1] DEBUG c.i.k.driver.chrome_1657510778564 - << {"id":23,"result":{},"sessionId":"A3D9D61A4B08F7E66678F362D91F6AB1"}
21:39:40.540 [main] DEBUG c.i.k.driver.chrome_1657510778564 - >> {"id":24,"sessionId":"A3D9D61A4B08F7E66678F362D91F6AB1","method":"Input.dispatchKeyEvent","params":{"modifiers":0,"type":"rawKeyDown","text":"a","windowsVirtualKeyCode":65}}
21:39:40.542 [nioEventLoopGroup-2-1] DEBUG c.i.k.driver.chrome_1657510778564 - << {"id":24,"result":{},"sessionId":"A3D9D61A4B08F7E66678F362D91F6AB1"}
21:39:40.542 [main] DEBUG c.i.k.driver.chrome_1657510778564 - >> {"id":25,"sessionId":"A3D9D61A4B08F7E66678F362D91F6AB1","method":"Input.dispatchKeyEvent","params":{"modifiers":0,"type":"char","text":"a","windowsVirtualKeyCode":65}}
21:39:40.543 [nioEventLoopGroup-2-1] DEBUG c.i.k.driver.chrome_1657510778564 - << {"id":25,"result":{},"sessionId":"A3D9D61A4B08F7E66678F362D91F6AB1"}
21:39:40.544 [main] DEBUG c.i.k.driver.chrome_1657510778564 - >> {"id":26,"sessionId":"A3D9D61A4B08F7E66678F362D91F6AB1","method":"Input.dispatchKeyEvent","params":{"modifiers":0,"type":"keyUp","text":"a","windowsVirtualKeyCode":65}}
21:39:40.544 [nioEventLoopGroup-2-1] DEBUG c.i.k.driver.chrome_1657510778564 - << {"id":26,"result":{},"sessionId":"A3D9D61A4B08F7E66678F362D91F6AB1"}
21:39:40.545 [main] DEBUG c.i.k.driver.chrome_1657510778564 - >> {"id":27,"sessionId":"A3D9D61A4B08F7E66678F362D91F6AB1","method":"Input.dispatchKeyEvent","params":{"modifiers":0,"type":"rawKeyDown","text":"r","windowsVirtualKeyCode":82}}
21:39:40.546 [nioEventLoopGroup-2-1] DEBUG c.i.k.driver.chrome_1657510778564 - << {"id":27,"result":{},"sessionId":"A3D9D61A4B08F7E66678F362D91F6AB1"}
21:39:40.546 [main] DEBUG c.i.k.driver.chrome_1657510778564 - >> {"id":28,"sessionId":"A3D9D61A4B08F7E66678F362D91F6AB1","method":"Input.dispatchKeyEvent","params":{"modifiers":0,"type":"char","text":"r","windowsVirtualKeyCode":82}}
21:39:40.548 [nioEventLoopGroup-2-1] DEBUG c.i.k.driver.chrome_1657510778564 - << {"id":28,"result":{},"sessionId":"A3D9D61A4B08F7E66678F362D91F6AB1"}
21:39:40.548 [main] DEBUG c.i.k.driver.chrome_1657510778564 - >> {"id":29,"sessionId":"A3D9D61A4B08F7E66678F362D91F6AB1","method":"Input.dispatchKeyEvent","params":{"modifiers":0,"type":"keyUp","text":"r","windowsVirtualKeyCode":82}}
21:39:40.549 [nioEventLoopGroup-2-1] DEBUG c.i.k.driver.chrome_1657510778564 - << {"id":29,"result":{},"sessionId":"A3D9D61A4B08F7E66678F362D91F6AB1"}
21:39:40.549 [main] DEBUG c.i.k.driver.chrome_1657510778564 - >> {"id":30,"sessionId":"A3D9D61A4B08F7E66678F362D91F6AB1","method":"Input.dispatchKeyEvent","params":{"modifiers":0,"type":"rawKeyDown","text":"d","windowsVirtualKeyCode":68}}
21:39:40.550 [nioEventLoopGroup-2-1] DEBUG c.i.k.driver.chrome_1657510778564 - << {"id":30,"result":{},"sessionId":"A3D9D61A4B08F7E66678F362D91F6AB1"}
21:39:40.550 [main] DEBUG c.i.k.driver.chrome_1657510778564 - >> {"id":31,"sessionId":"A3D9D61A4B08F7E66678F362D91F6AB1","method":"Input.dispatchKeyEvent","params":{"modifiers":0,"type":"char","text":"d","windowsVirtualKeyCode":68}}
21:39:40.552 [nioEventLoopGroup-2-1] DEBUG c.i.k.driver.chrome_1657510778564 - << {"id":31,"result":{},"sessionId":"A3D9D61A4B08F7E66678F362D91F6AB1"}
21:39:40.552 [main] DEBUG c.i.k.driver.chrome_1657510778564 - >> {"id":32,"sessionId":"A3D9D61A4B08F7E66678F362D91F6AB1","method":"Input.dispatchKeyEvent","params":{"modifiers":0,"type":"keyUp","text":"d","windowsVirtualKeyCode":68}}
21:39:40.553 [nioEventLoopGroup-2-1] DEBUG c.i.k.driver.chrome_1657510778564 - << {"id":32,"result":{},"sessionId":"A3D9D61A4B08F7E66678F362D91F6AB1"}
21:39:40.553 [main] DEBUG c.i.k.driver.chrome_1657510778564 - >> {"id":33,"sessionId":"A3D9D61A4B08F7E66678F362D91F6AB1","method":"Input.dispatchKeyEvent","params":{"modifiers":0,"type":"rawKeyDown","text":"_","windowsVirtualKeyCode":523}}
21:39:40.554 [nioEventLoopGroup-2-1] DEBUG c.i.k.driver.chrome_1657510778564 - << {"id":33,"result":{},"sessionId":"A3D9D61A4B08F7E66678F362D91F6AB1"}
21:39:40.555 [main] DEBUG c.i.k.driver.chrome_1657510778564 - >> {"id":34,"sessionId":"A3D9D61A4B08F7E66678F362D91F6AB1","method":"Input.dispatchKeyEvent","params":{"modifiers":0,"type":"char","text":"_","windowsVirtualKeyCode":523}}
21:39:40.556 [nioEventLoopGroup-2-1] DEBUG c.i.k.driver.chrome_1657510778564 - << {"id":34,"result":{},"sessionId":"A3D9D61A4B08F7E66678F362D91F6AB1"}
21:39:40.557 [main] DEBUG c.i.k.driver.chrome_1657510778564 - >> {"id":35,"sessionId":"A3D9D61A4B08F7E66678F362D91F6AB1","method":"Input.dispatchKeyEvent","params":{"modifiers":0,"type":"keyUp","text":"_","windowsVirtualKeyCode":523}}
21:39:40.558 [nioEventLoopGroup-2-1] DEBUG c.i.k.driver.chrome_1657510778564 - << {"id":35,"result":{},"sessionId":"A3D9D61A4B08F7E66678F362D91F6AB1"}
21:39:40.558 [main] DEBUG c.i.k.driver.chrome_1657510778564 - >> {"id":36,"sessionId":"A3D9D61A4B08F7E66678F362D91F6AB1","method":"Input.dispatchKeyEvent","params":{"modifiers":0,"type":"rawKeyDown","text":"u","windowsVirtualKeyCode":85}}
21:39:40.559 [nioEventLoopGroup-2-1] DEBUG c.i.k.driver.chrome_1657510778564 - << {"id":36,"result":{},"sessionId":"A3D9D61A4B08F7E66678F362D91F6AB1"}
21:39:40.559 [main] DEBUG c.i.k.driver.chrome_1657510778564 - >> {"id":37,"sessionId":"A3D9D61A4B08F7E66678F362D91F6AB1","method":"Input.dispatchKeyEvent","params":{"modifiers":0,"type":"char","text":"u","windowsVirtualKeyCode":85}}
21:39:40.560 [nioEventLoopGroup-2-1] DEBUG c.i.k.driver.chrome_1657510778564 - << {"id":37,"result":{},"sessionId":"A3D9D61A4B08F7E66678F362D91F6AB1"}
21:39:40.560 [main] DEBUG c.i.k.driver.chrome_1657510778564 - >> {"id":38,"sessionId":"A3D9D61A4B08F7E66678F362D91F6AB1","method":"Input.dispatchKeyEvent","params":{"modifiers":0,"type":"keyUp","text":"u","windowsVirtualKeyCode":85}}
21:39:40.561 [nioEventLoopGroup-2-1] DEBUG c.i.k.driver.chrome_1657510778564 - << {"id":38,"result":{},"sessionId":"A3D9D61A4B08F7E66678F362D91F6AB1"}
21:39:40.561 [main] DEBUG c.i.k.driver.chrome_1657510778564 - >> {"id":39,"sessionId":"A3D9D61A4B08F7E66678F362D91F6AB1","method":"Input.dispatchKeyEvent","params":{"modifiers":0,"type":"rawKeyDown","text":"s","windowsVirtualKeyCode":83}}
21:39:40.562 [nioEventLoopGroup-2-1] DEBUG c.i.k.driver.chrome_1657510778564 - << {"id":39,"result":{},"sessionId":"A3D9D61A4B08F7E66678F362D91F6AB1"}
21:39:40.562 [main] DEBUG c.i.k.driver.chrome_1657510778564 - >> {"id":40,"sessionId":"A3D9D61A4B08F7E66678F362D91F6AB1","method":"Input.dispatchKeyEvent","params":{"modifiers":0,"type":"char","text":"s","windowsVirtualKeyCode":83}}
21:39:40.563 [nioEventLoopGroup-2-1] DEBUG c.i.k.driver.chrome_1657510778564 - << {"id":40,"result":{},"sessionId":"A3D9D61A4B08F7E66678F362D91F6AB1"}
21:39:40.564 [main] DEBUG c.i.k.driver.chrome_1657510778564 - >> {"id":41,"sessionId":"A3D9D61A4B08F7E66678F362D91F6AB1","method":"Input.dispatchKeyEvent","params":{"modifiers":0,"type":"keyUp","text":"s","windowsVirtualKeyCode":83}}
21:39:40.565 [nioEventLoopGroup-2-1] DEBUG c.i.k.driver.chrome_1657510778564 - << {"id":41,"result":{},"sessionId":"A3D9D61A4B08F7E66678F362D91F6AB1"}
21:39:40.565 [main] DEBUG c.i.k.driver.chrome_1657510778564 - >> {"id":42,"sessionId":"A3D9D61A4B08F7E66678F362D91F6AB1","method":"Input.dispatchKeyEvent","params":{"modifiers":0,"type":"rawKeyDown","text":"e","windowsVirtualKeyCode":69}}
21:39:40.566 [nioEventLoopGroup-2-1] DEBUG c.i.k.driver.chrome_1657510778564 - << {"id":42,"result":{},"sessionId":"A3D9D61A4B08F7E66678F362D91F6AB1"}
21:39:40.566 [main] DEBUG c.i.k.driver.chrome_1657510778564 - >> {"id":43,"sessionId":"A3D9D61A4B08F7E66678F362D91F6AB1","method":"Input.dispatchKeyEvent","params":{"modifiers":0,"type":"char","text":"e","windowsVirtualKeyCode":69}}
21:39:40.567 [nioEventLoopGroup-2-1] DEBUG c.i.k.driver.chrome_1657510778564 - << {"id":43,"result":{},"sessionId":"A3D9D61A4B08F7E66678F362D91F6AB1"}
21:39:40.567 [main] DEBUG c.i.k.driver.chrome_1657510778564 - >> {"id":44,"sessionId":"A3D9D61A4B08F7E66678F362D91F6AB1","method":"Input.dispatchKeyEvent","params":{"modifiers":0,"type":"keyUp","text":"e","windowsVirtualKeyCode":69}}
21:39:40.568 [nioEventLoopGroup-2-1] DEBUG c.i.k.driver.chrome_1657510778564 - << {"id":44,"result":{},"sessionId":"A3D9D61A4B08F7E66678F362D91F6AB1"}
21:39:40.568 [main] DEBUG c.i.k.driver.chrome_1657510778564 - >> {"id":45,"sessionId":"A3D9D61A4B08F7E66678F362D91F6AB1","method":"Input.dispatchKeyEvent","params":{"modifiers":0,"type":"rawKeyDown","text":"r","windowsVirtualKeyCode":82}}
21:39:40.570 [nioEventLoopGroup-2-1] DEBUG c.i.k.driver.chrome_1657510778564 - << {"id":45,"result":{},"sessionId":"A3D9D61A4B08F7E66678F362D91F6AB1"}
21:39:40.570 [main] DEBUG c.i.k.driver.chrome_1657510778564 - >> {"id":46,"sessionId":"A3D9D61A4B08F7E66678F362D91F6AB1","method":"Input.dispatchKeyEvent","params":{"modifiers":0,"type":"char","text":"r","windowsVirtualKeyCode":82}}
21:39:40.571 [nioEventLoopGroup-2-1] DEBUG c.i.k.driver.chrome_1657510778564 - << {"id":46,"result":{},"sessionId":"A3D9D61A4B08F7E66678F362D91F6AB1"}
21:39:40.571 [main] DEBUG c.i.k.driver.chrome_1657510778564 - >> {"id":47,"sessionId":"A3D9D61A4B08F7E66678F362D91F6AB1","method":"Input.dispatchKeyEvent","params":{"modifiers":0,"type":"keyUp","text":"r","windowsVirtualKeyCode":82}}
21:39:40.572 [nioEventLoopGroup-2-1] DEBUG c.i.k.driver.chrome_1657510778564 - << {"id":47,"result":{},"sessionId":"A3D9D61A4B08F7E66678F362D91F6AB1"}
21:39:40.574 [main] DEBUG c.i.k.driver.chrome_1657510778564 - >> {"id":48,"sessionId":"A3D9D61A4B08F7E66678F362D91F6AB1","method":"Runtime.evaluate","params":{"expression":"var e = document.evaluate(\"\/\/input[@name='password']\", document, null, 9, null).singleNodeValue; e.focus(); try { e.selectionStart = e.selectionEnd = e.value.length } catch(x) {}","returnByValue":true}}
21:39:40.578 [nioEventLoopGroup-2-1] DEBUG c.i.k.driver.chrome_1657510778564 - << {"id":48,"result":{"result":{"type":"number","value":0,"description":"0"}},"sessionId":"A3D9D61A4B08F7E66678F362D91F6AB1"}
21:39:40.578 [main] DEBUG c.i.k.driver.chrome_1657510778564 - >> {"id":49,"sessionId":"A3D9D61A4B08F7E66678F362D91F6AB1","method":"Input.dispatchKeyEvent","params":{"modifiers":0,"type":"rawKeyDown","text":"s","windowsVirtualKeyCode":83}}
21:39:40.579 [nioEventLoopGroup-2-1] DEBUG c.i.k.driver.chrome_1657510778564 - << {"id":49,"result":{},"sessionId":"A3D9D61A4B08F7E66678F362D91F6AB1"}
21:39:40.579 [main] DEBUG c.i.k.driver.chrome_1657510778564 - >> {"id":50,"sessionId":"A3D9D61A4B08F7E66678F362D91F6AB1","method":"Input.dispatchKeyEvent","params":{"modifiers":0,"type":"char","text":"s","windowsVirtualKeyCode":83}}
21:39:40.580 [nioEventLoopGroup-2-1] DEBUG c.i.k.driver.chrome_1657510778564 - << {"id":50,"result":{},"sessionId":"A3D9D61A4B08F7E66678F362D91F6AB1"}
21:39:40.580 [main] DEBUG c.i.k.driver.chrome_1657510778564 - >> {"id":51,"sessionId":"A3D9D61A4B08F7E66678F362D91F6AB1","method":"Input.dispatchKeyEvent","params":{"modifiers":0,"type":"keyUp","text":"s","windowsVirtualKeyCode":83}}
21:39:40.582 [nioEventLoopGroup-2-1] DEBUG c.i.k.driver.chrome_1657510778564 - << {"id":51,"result":{},"sessionId":"A3D9D61A4B08F7E66678F362D91F6AB1"}
21:39:40.582 [main] DEBUG c.i.k.driver.chrome_1657510778564 - >> {"id":52,"sessionId":"A3D9D61A4B08F7E66678F362D91F6AB1","method":"Input.dispatchKeyEvent","params":{"modifiers":0,"type":"rawKeyDown","text":"e","windowsVirtualKeyCode":69}}
21:39:40.583 [nioEventLoopGroup-2-1] DEBUG c.i.k.driver.chrome_1657510778564 - << {"id":52,"result":{},"sessionId":"A3D9D61A4B08F7E66678F362D91F6AB1"}
21:39:40.583 [main] DEBUG c.i.k.driver.chrome_1657510778564 - >> {"id":53,"sessionId":"A3D9D61A4B08F7E66678F362D91F6AB1","method":"Input.dispatchKeyEvent","params":{"modifiers":0,"type":"char","text":"e","windowsVirtualKeyCode":69}}
21:39:40.584 [nioEventLoopGroup-2-1] DEBUG c.i.k.driver.chrome_1657510778564 - << {"id":53,"result":{},"sessionId":"A3D9D61A4B08F7E66678F362D91F6AB1"}
21:39:40.585 [main] DEBUG c.i.k.driver.chrome_1657510778564 - >> {"id":54,"sessionId":"A3D9D61A4B08F7E66678F362D91F6AB1","method":"Input.dispatchKeyEvent","params":{"modifiers":0,"type":"keyUp","text":"e","windowsVirtualKeyCode":69}}
21:39:40.585 [nioEventLoopGroup-2-1] DEBUG c.i.k.driver.chrome_1657510778564 - << {"id":54,"result":{},"sessionId":"A3D9D61A4B08F7E66678F362D91F6AB1"}
21:39:40.585 [main] DEBUG c.i.k.driver.chrome_1657510778564 - >> {"id":55,"sessionId":"A3D9D61A4B08F7E66678F362D91F6AB1","method":"Input.dispatchKeyEvent","params":{"modifiers":0,"type":"rawKeyDown","text":"c","windowsVirtualKeyCode":67}}
21:39:40.586 [nioEventLoopGroup-2-1] DEBUG c.i.k.driver.chrome_1657510778564 - << {"id":55,"result":{},"sessionId":"A3D9D61A4B08F7E66678F362D91F6AB1"}
21:39:40.586 [main] DEBUG c.i.k.driver.chrome_1657510778564 - >> {"id":56,"sessionId":"A3D9D61A4B08F7E66678F362D91F6AB1","method":"Input.dispatchKeyEvent","params":{"modifiers":0,"type":"char","text":"c","windowsVirtualKeyCode":67}}
21:39:40.587 [nioEventLoopGroup-2-1] DEBUG c.i.k.driver.chrome_1657510778564 - << {"id":56,"result":{},"sessionId":"A3D9D61A4B08F7E66678F362D91F6AB1"}
21:39:40.587 [main] DEBUG c.i.k.driver.chrome_1657510778564 - >> {"id":57,"sessionId":"A3D9D61A4B08F7E66678F362D91F6AB1","method":"Input.dispatchKeyEvent","params":{"modifiers":0,"type":"keyUp","text":"c","windowsVirtualKeyCode":67}}
21:39:40.588 [nioEventLoopGroup-2-1] DEBUG c.i.k.driver.chrome_1657510778564 - << {"id":57,"result":{},"sessionId":"A3D9D61A4B08F7E66678F362D91F6AB1"}
21:39:40.588 [main] DEBUG c.i.k.driver.chrome_1657510778564 - >> {"id":58,"sessionId":"A3D9D61A4B08F7E66678F362D91F6AB1","method":"Input.dispatchKeyEvent","params":{"modifiers":0,"type":"rawKeyDown","text":"r","windowsVirtualKeyCode":82}}
21:39:40.589 [nioEventLoopGroup-2-1] DEBUG c.i.k.driver.chrome_1657510778564 - << {"id":58,"result":{},"sessionId":"A3D9D61A4B08F7E66678F362D91F6AB1"}
21:39:40.589 [main] DEBUG c.i.k.driver.chrome_1657510778564 - >> {"id":59,"sessionId":"A3D9D61A4B08F7E66678F362D91F6AB1","method":"Input.dispatchKeyEvent","params":{"modifiers":0,"type":"char","text":"r","windowsVirtualKeyCode":82}}
21:39:40.591 [nioEventLoopGroup-2-1] DEBUG c.i.k.driver.chrome_1657510778564 - << {"id":59,"result":{},"sessionId":"A3D9D61A4B08F7E66678F362D91F6AB1"}
21:39:40.591 [main] DEBUG c.i.k.driver.chrome_1657510778564 - >> {"id":60,"sessionId":"A3D9D61A4B08F7E66678F362D91F6AB1","method":"Input.dispatchKeyEvent","params":{"modifiers":0,"type":"keyUp","text":"r","windowsVirtualKeyCode":82}}
21:39:40.592 [nioEventLoopGroup-2-1] DEBUG c.i.k.driver.chrome_1657510778564 - << {"id":60,"result":{},"sessionId":"A3D9D61A4B08F7E66678F362D91F6AB1"}
21:39:40.592 [main] DEBUG c.i.k.driver.chrome_1657510778564 - >> {"id":61,"sessionId":"A3D9D61A4B08F7E66678F362D91F6AB1","method":"Input.dispatchKeyEvent","params":{"modifiers":0,"type":"rawKeyDown","text":"e","windowsVirtualKeyCode":69}}
21:39:40.592 [nioEventLoopGroup-2-1] DEBUG c.i.k.driver.chrome_1657510778564 - << {"id":61,"result":{},"sessionId":"A3D9D61A4B08F7E66678F362D91F6AB1"}
21:39:40.592 [main] DEBUG c.i.k.driver.chrome_1657510778564 - >> {"id":62,"sessionId":"A3D9D61A4B08F7E66678F362D91F6AB1","method":"Input.dispatchKeyEvent","params":{"modifiers":0,"type":"char","text":"e","windowsVirtualKeyCode":69}}
21:39:40.594 [nioEventLoopGroup-2-1] DEBUG c.i.k.driver.chrome_1657510778564 - << {"id":62,"result":{},"sessionId":"A3D9D61A4B08F7E66678F362D91F6AB1"}
21:39:40.594 [main] DEBUG c.i.k.driver.chrome_1657510778564 - >> {"id":63,"sessionId":"A3D9D61A4B08F7E66678F362D91F6AB1","method":"Input.dispatchKeyEvent","params":{"modifiers":0,"type":"keyUp","text":"e","windowsVirtualKeyCode":69}}
21:39:40.594 [nioEventLoopGroup-2-1] DEBUG c.i.k.driver.chrome_1657510778564 - << {"id":63,"result":{},"sessionId":"A3D9D61A4B08F7E66678F362D91F6AB1"}
21:39:40.594 [main] DEBUG c.i.k.driver.chrome_1657510778564 - >> {"id":64,"sessionId":"A3D9D61A4B08F7E66678F362D91F6AB1","method":"Input.dispatchKeyEvent","params":{"modifiers":0,"type":"rawKeyDown","text":"t","windowsVirtualKeyCode":84}}
21:39:40.595 [nioEventLoopGroup-2-1] DEBUG c.i.k.driver.chrome_1657510778564 - << {"id":64,"result":{},"sessionId":"A3D9D61A4B08F7E66678F362D91F6AB1"}
21:39:40.595 [main] DEBUG c.i.k.driver.chrome_1657510778564 - >> {"id":65,"sessionId":"A3D9D61A4B08F7E66678F362D91F6AB1","method":"Input.dispatchKeyEvent","params":{"modifiers":0,"type":"char","text":"t","windowsVirtualKeyCode":84}}
21:39:40.596 [nioEventLoopGroup-2-1] DEBUG c.i.k.driver.chrome_1657510778564 - << {"id":65,"result":{},"sessionId":"A3D9D61A4B08F7E66678F362D91F6AB1"}
21:39:40.597 [main] DEBUG c.i.k.driver.chrome_1657510778564 - >> {"id":66,"sessionId":"A3D9D61A4B08F7E66678F362D91F6AB1","method":"Input.dispatchKeyEvent","params":{"modifiers":0,"type":"keyUp","text":"t","windowsVirtualKeyCode":84}}
21:39:40.597 [nioEventLoopGroup-2-1] DEBUG c.i.k.driver.chrome_1657510778564 - << {"id":66,"result":{},"sessionId":"A3D9D61A4B08F7E66678F362D91F6AB1"}
21:39:40.597 [main] DEBUG c.i.k.driver.chrome_1657510778564 - >> {"id":67,"sessionId":"A3D9D61A4B08F7E66678F362D91F6AB1","method":"Input.dispatchKeyEvent","params":{"modifiers":0,"type":"rawKeyDown","text":"_","windowsVirtualKeyCode":523}}
21:39:40.598 [nioEventLoopGroup-2-1] DEBUG c.i.k.driver.chrome_1657510778564 - << {"id":67,"result":{},"sessionId":"A3D9D61A4B08F7E66678F362D91F6AB1"}
21:39:40.598 [main] DEBUG c.i.k.driver.chrome_1657510778564 - >> {"id":68,"sessionId":"A3D9D61A4B08F7E66678F362D91F6AB1","method":"Input.dispatchKeyEvent","params":{"modifiers":0,"type":"char","text":"_","windowsVirtualKeyCode":523}}
21:39:40.599 [nioEventLoopGroup-2-1] DEBUG c.i.k.driver.chrome_1657510778564 - << {"id":68,"result":{},"sessionId":"A3D9D61A4B08F7E66678F362D91F6AB1"}
21:39:40.600 [main] DEBUG c.i.k.driver.chrome_1657510778564 - >> {"id":69,"sessionId":"A3D9D61A4B08F7E66678F362D91F6AB1","method":"Input.dispatchKeyEvent","params":{"modifiers":0,"type":"keyUp","text":"_","windowsVirtualKeyCode":523}}
21:39:40.600 [nioEventLoopGroup-2-1] DEBUG c.i.k.driver.chrome_1657510778564 - << {"id":69,"result":{},"sessionId":"A3D9D61A4B08F7E66678F362D91F6AB1"}
21:39:40.601 [main] DEBUG c.i.k.driver.chrome_1657510778564 - >> {"id":70,"sessionId":"A3D9D61A4B08F7E66678F362D91F6AB1","method":"Input.dispatchKeyEvent","params":{"modifiers":0,"type":"rawKeyDown","text":"s","windowsVirtualKeyCode":83}}
21:39:40.601 [nioEventLoopGroup-2-1] DEBUG c.i.k.driver.chrome_1657510778564 - << {"id":70,"result":{},"sessionId":"A3D9D61A4B08F7E66678F362D91F6AB1"}
21:39:40.601 [main] DEBUG c.i.k.driver.chrome_1657510778564 - >> {"id":71,"sessionId":"A3D9D61A4B08F7E66678F362D91F6AB1","method":"Input.dispatchKeyEvent","params":{"modifiers":0,"type":"char","text":"s","windowsVirtualKeyCode":83}}
21:39:40.602 [nioEventLoopGroup-2-1] DEBUG c.i.k.driver.chrome_1657510778564 - << {"id":71,"result":{},"sessionId":"A3D9D61A4B08F7E66678F362D91F6AB1"}
21:39:40.603 [main] DEBUG c.i.k.driver.chrome_1657510778564 - >> {"id":72,"sessionId":"A3D9D61A4B08F7E66678F362D91F6AB1","method":"Input.dispatchKeyEvent","params":{"modifiers":0,"type":"keyUp","text":"s","windowsVirtualKeyCode":83}}
21:39:40.603 [nioEventLoopGroup-2-1] DEBUG c.i.k.driver.chrome_1657510778564 - << {"id":72,"result":{},"sessionId":"A3D9D61A4B08F7E66678F362D91F6AB1"}
21:39:40.603 [main] DEBUG c.i.k.driver.chrome_1657510778564 - >> {"id":73,"sessionId":"A3D9D61A4B08F7E66678F362D91F6AB1","method":"Input.dispatchKeyEvent","params":{"modifiers":0,"type":"rawKeyDown","text":"a","windowsVirtualKeyCode":65}}
21:39:40.604 [nioEventLoopGroup-2-1] DEBUG c.i.k.driver.chrome_1657510778564 - << {"id":73,"result":{},"sessionId":"A3D9D61A4B08F7E66678F362D91F6AB1"}
21:39:40.604 [main] DEBUG c.i.k.driver.chrome_1657510778564 - >> {"id":74,"sessionId":"A3D9D61A4B08F7E66678F362D91F6AB1","method":"Input.dispatchKeyEvent","params":{"modifiers":0,"type":"char","text":"a","windowsVirtualKeyCode":65}}
21:39:40.605 [nioEventLoopGroup-2-1] DEBUG c.i.k.driver.chrome_1657510778564 - << {"id":74,"result":{},"sessionId":"A3D9D61A4B08F7E66678F362D91F6AB1"}
21:39:40.605 [main] DEBUG c.i.k.driver.chrome_1657510778564 - >> {"id":75,"sessionId":"A3D9D61A4B08F7E66678F362D91F6AB1","method":"Input.dispatchKeyEvent","params":{"modifiers":0,"type":"keyUp","text":"a","windowsVirtualKeyCode":65}}
21:39:40.606 [nioEventLoopGroup-2-1] DEBUG c.i.k.driver.chrome_1657510778564 - << {"id":75,"result":{},"sessionId":"A3D9D61A4B08F7E66678F362D91F6AB1"}
21:39:40.606 [main] DEBUG c.i.k.driver.chrome_1657510778564 - >> {"id":76,"sessionId":"A3D9D61A4B08F7E66678F362D91F6AB1","method":"Input.dispatchKeyEvent","params":{"modifiers":0,"type":"rawKeyDown","text":"u","windowsVirtualKeyCode":85}}
21:39:40.607 [nioEventLoopGroup-2-1] DEBUG c.i.k.driver.chrome_1657510778564 - << {"id":76,"result":{},"sessionId":"A3D9D61A4B08F7E66678F362D91F6AB1"}
21:39:40.607 [main] DEBUG c.i.k.driver.chrome_1657510778564 - >> {"id":77,"sessionId":"A3D9D61A4B08F7E66678F362D91F6AB1","method":"Input.dispatchKeyEvent","params":{"modifiers":0,"type":"char","text":"u","windowsVirtualKeyCode":85}}
21:39:40.608 [nioEventLoopGroup-2-1] DEBUG c.i.k.driver.chrome_1657510778564 - << {"id":77,"result":{},"sessionId":"A3D9D61A4B08F7E66678F362D91F6AB1"}
21:39:40.608 [main] DEBUG c.i.k.driver.chrome_1657510778564 - >> {"id":78,"sessionId":"A3D9D61A4B08F7E66678F362D91F6AB1","method":"Input.dispatchKeyEvent","params":{"modifiers":0,"type":"keyUp","text":"u","windowsVirtualKeyCode":85}}
21:39:40.609 [nioEventLoopGroup-2-1] DEBUG c.i.k.driver.chrome_1657510778564 - << {"id":78,"result":{},"sessionId":"A3D9D61A4B08F7E66678F362D91F6AB1"}
21:39:40.609 [main] DEBUG c.i.k.driver.chrome_1657510778564 - >> {"id":79,"sessionId":"A3D9D61A4B08F7E66678F362D91F6AB1","method":"Input.dispatchKeyEvent","params":{"modifiers":0,"type":"rawKeyDown","text":"c","windowsVirtualKeyCode":67}}
21:39:40.610 [nioEventLoopGroup-2-1] DEBUG c.i.k.driver.chrome_1657510778564 - << {"id":79,"result":{},"sessionId":"A3D9D61A4B08F7E66678F362D91F6AB1"}
21:39:40.610 [main] DEBUG c.i.k.driver.chrome_1657510778564 - >> {"id":80,"sessionId":"A3D9D61A4B08F7E66678F362D91F6AB1","method":"Input.dispatchKeyEvent","params":{"modifiers":0,"type":"char","text":"c","windowsVirtualKeyCode":67}}
21:39:40.611 [nioEventLoopGroup-2-1] DEBUG c.i.k.driver.chrome_1657510778564 - << {"id":80,"result":{},"sessionId":"A3D9D61A4B08F7E66678F362D91F6AB1"}
21:39:40.611 [main] DEBUG c.i.k.driver.chrome_1657510778564 - >> {"id":81,"sessionId":"A3D9D61A4B08F7E66678F362D91F6AB1","method":"Input.dispatchKeyEvent","params":{"modifiers":0,"type":"keyUp","text":"c","windowsVirtualKeyCode":67}}
21:39:40.612 [nioEventLoopGroup-2-1] DEBUG c.i.k.driver.chrome_1657510778564 - << {"id":81,"result":{},"sessionId":"A3D9D61A4B08F7E66678F362D91F6AB1"}
21:39:40.612 [main] DEBUG c.i.k.driver.chrome_1657510778564 - >> {"id":82,"sessionId":"A3D9D61A4B08F7E66678F362D91F6AB1","method":"Input.dispatchKeyEvent","params":{"modifiers":0,"type":"rawKeyDown","text":"e","windowsVirtualKeyCode":69}}
21:39:40.613 [nioEventLoopGroup-2-1] DEBUG c.i.k.driver.chrome_1657510778564 - << {"id":82,"result":{},"sessionId":"A3D9D61A4B08F7E66678F362D91F6AB1"}
21:39:40.613 [main] DEBUG c.i.k.driver.chrome_1657510778564 - >> {"id":83,"sessionId":"A3D9D61A4B08F7E66678F362D91F6AB1","method":"Input.dispatchKeyEvent","params":{"modifiers":0,"type":"char","text":"e","windowsVirtualKeyCode":69}}
21:39:40.614 [nioEventLoopGroup-2-1] DEBUG c.i.k.driver.chrome_1657510778564 - << {"id":83,"result":{},"sessionId":"A3D9D61A4B08F7E66678F362D91F6AB1"}
21:39:40.614 [main] DEBUG c.i.k.driver.chrome_1657510778564 - >> {"id":84,"sessionId":"A3D9D61A4B08F7E66678F362D91F6AB1","method":"Input.dispatchKeyEvent","params":{"modifiers":0,"type":"keyUp","text":"e","windowsVirtualKeyCode":69}}
21:39:40.615 [nioEventLoopGroup-2-1] DEBUG c.i.k.driver.chrome_1657510778564 - << {"id":84,"result":{},"sessionId":"A3D9D61A4B08F7E66678F362D91F6AB1"}
21:39:40.616 [main] DEBUG c.i.k.driver.chrome_1657510778564 - >> {"id":85,"sessionId":"A3D9D61A4B08F7E66678F362D91F6AB1","method":"Runtime.evaluate","params":{"expression":"document.querySelector(\"input[name=login-button]\").click()","returnByValue":true}}
21:39:40.619 [nioEventLoopGroup-2-1] DEBUG c.i.k.driver.chrome_1657510778564 - << {"method":"Target.targetInfoChanged","params":{"targetInfo":{"targetId":"67252CE3E4FE0F62F01F7642FB907C23","type":"page","title":"Swag Labs","url":"https://www.saucedemo.com/inventory.html","attached":true,"canAccessOpener":false,"browserContextId":"DDDC7E3878D7CC440404011E91DDC41C"}},"sessionId":"A3D9D61A4B08F7E66678F362D91F6AB1"}
21:39:40.639 [nioEventLoopGroup-2-1] DEBUG c.i.k.driver.chrome_1657510778564 - << {"method":"Page.navigatedWithinDocument","params":{"frameId":"67252CE3E4FE0F62F01F7642FB907C23","url":"https://www.saucedemo.com/inventory.html"},"sessionId":"A3D9D61A4B08F7E66678F362D91F6AB1"}
21:39:40.639 [nioEventLoopGroup-2-1] DEBUG c.i.k.driver.chrome_1657510778564 - << {"id":85,"result":{"result":{"type":"undefined"}},"sessionId":"A3D9D61A4B08F7E66678F362D91F6AB1"}
21:39:40.640 [main] DEBUG c.i.k.driver.chrome_1657510778564 - >> {"id":86,"sessionId":"A3D9D61A4B08F7E66678F362D91F6AB1","method":"Runtime.evaluate","params":{"expression":"document.querySelector(\"button[name=add-to-cart-sauce-labs-onesie]\").click()","returnByValue":true}}
21:39:40.642 [nioEventLoopGroup-2-1] DEBUG c.i.k.driver.chrome_1657510778564 - << {"id":86,"result":{"result":{"type":"undefined"}},"sessionId":"A3D9D61A4B08F7E66678F362D91F6AB1"}
21:39:40.643 [main] DEBUG c.i.k.driver.chrome_1657510778564 - >> {"id":87,"sessionId":"A3D9D61A4B08F7E66678F362D91F6AB1","method":"Runtime.evaluate","params":{"expression":"document.evaluate(\"\/\/button[@data-test='add-to-cart-test.allthethings()-t-shirt-(red)']\", document, null, 9, null).singleNodeValue.click()","returnByValue":true}}
21:39:40.645 [nioEventLoopGroup-2-1] DEBUG c.i.k.driver.chrome_1657510778564 - << {"id":87,"result":{"result":{"type":"undefined"}},"sessionId":"A3D9D61A4B08F7E66678F362D91F6AB1"}
21:39:40.645 [main] DEBUG c.i.k.driver.chrome_1657510778564 - >> {"id":88,"sessionId":"A3D9D61A4B08F7E66678F362D91F6AB1","method":"Runtime.evaluate","params":{"expression":"document.evaluate(\"\/\/a[@class='shopping_cart_link']\", document, null, 9, null).singleNodeValue.click()","returnByValue":true}}
21:39:40.647 [nioEventLoopGroup-2-1] DEBUG c.i.k.driver.chrome_1657510778564 - << {"method":"Target.targetInfoChanged","params":{"targetInfo":{"targetId":"67252CE3E4FE0F62F01F7642FB907C23","type":"page","title":"Swag Labs","url":"https://www.saucedemo.com/cart.html","attached":true,"canAccessOpener":false,"browserContextId":"DDDC7E3878D7CC440404011E91DDC41C"}},"sessionId":"A3D9D61A4B08F7E66678F362D91F6AB1"}
21:39:40.649 [nioEventLoopGroup-2-1] DEBUG c.i.k.driver.chrome_1657510778564 - << {"method":"Page.navigatedWithinDocument","params":{"frameId":"67252CE3E4FE0F62F01F7642FB907C23","url":"https://www.saucedemo.com/cart.html"},"sessionId":"A3D9D61A4B08F7E66678F362D91F6AB1"}
21:39:40.649 [nioEventLoopGroup-2-1] DEBUG c.i.k.driver.chrome_1657510778564 - << {"id":88,"result":{"result":{"type":"undefined"}},"sessionId":"A3D9D61A4B08F7E66678F362D91F6AB1"}
21:39:40.650 [main] DEBUG c.i.k.driver.chrome_1657510778564 - >> {"id":89,"sessionId":"A3D9D61A4B08F7E66678F362D91F6AB1","method":"Runtime.evaluate","params":{"expression":"document.evaluate(\"\/\/button[@id='checkout']\", document, null, 9, null).singleNodeValue.click()","returnByValue":true}}
21:39:40.653 [nioEventLoopGroup-2-1] DEBUG c.i.k.driver.chrome_1657510778564 - << {"method":"Target.targetInfoChanged","params":{"targetInfo":{"targetId":"67252CE3E4FE0F62F01F7642FB907C23","type":"page","title":"Swag Labs","url":"https://www.saucedemo.com/checkout-step-one.html","attached":true,"canAccessOpener":false,"browserContextId":"DDDC7E3878D7CC440404011E91DDC41C"}},"sessionId":"A3D9D61A4B08F7E66678F362D91F6AB1"}
21:39:40.653 [nioEventLoopGroup-2-1] DEBUG c.i.k.driver.chrome_1657510778564 - << {"method":"Page.navigatedWithinDocument","params":{"frameId":"67252CE3E4FE0F62F01F7642FB907C23","url":"https://www.saucedemo.com/checkout-step-one.html"},"sessionId":"A3D9D61A4B08F7E66678F362D91F6AB1"}
21:39:40.653 [nioEventLoopGroup-2-1] DEBUG c.i.k.driver.chrome_1657510778564 - << {"id":89,"result":{"result":{"type":"undefined"}},"sessionId":"A3D9D61A4B08F7E66678F362D91F6AB1"}
21:39:40.654 [main] DEBUG c.i.k.driver.chrome_1657510778564 - >> {"id":90,"sessionId":"A3D9D61A4B08F7E66678F362D91F6AB1","method":"Runtime.evaluate","params":{"expression":"var e = document.evaluate(\"\/\/input[@data-test='firstName']\", document, null, 9, null).singleNodeValue; e.focus(); try { e.selectionStart = e.selectionEnd = e.value.length } catch(x) {}","returnByValue":true}}
21:39:40.656 [nioEventLoopGroup-2-1] DEBUG c.i.k.driver.chrome_1657510778564 - << {"id":90,"result":{"result":{"type":"number","value":0,"description":"0"}},"sessionId":"A3D9D61A4B08F7E66678F362D91F6AB1"}
21:39:40.657 [main] WARN  c.i.k.driver.chrome_1657510778564 - unknown character / key code: K
21:39:40.657 [main] DEBUG c.i.k.driver.chrome_1657510778564 - >> {"id":91,"sessionId":"A3D9D61A4B08F7E66678F362D91F6AB1","method":"Input.dispatchKeyEvent","params":{"modifiers":0,"type":"char","text":"K"}}
21:39:40.659 [nioEventLoopGroup-2-1] DEBUG c.i.k.driver.chrome_1657510778564 - << {"id":91,"result":{},"sessionId":"A3D9D61A4B08F7E66678F362D91F6AB1"}
21:39:40.659 [main] DEBUG c.i.k.driver.chrome_1657510778564 - >> {"id":92,"sessionId":"A3D9D61A4B08F7E66678F362D91F6AB1","method":"Input.dispatchKeyEvent","params":{"modifiers":0,"type":"rawKeyDown","text":"a","windowsVirtualKeyCode":65}}
21:39:40.661 [nioEventLoopGroup-2-1] DEBUG c.i.k.driver.chrome_1657510778564 - << {"id":92,"result":{},"sessionId":"A3D9D61A4B08F7E66678F362D91F6AB1"}
21:39:40.661 [main] DEBUG c.i.k.driver.chrome_1657510778564 - >> {"id":93,"sessionId":"A3D9D61A4B08F7E66678F362D91F6AB1","method":"Input.dispatchKeyEvent","params":{"modifiers":0,"type":"char","text":"a","windowsVirtualKeyCode":65}}
21:39:40.663 [nioEventLoopGroup-2-1] DEBUG c.i.k.driver.chrome_1657510778564 - << {"id":93,"result":{},"sessionId":"A3D9D61A4B08F7E66678F362D91F6AB1"}
21:39:40.663 [main] DEBUG c.i.k.driver.chrome_1657510778564 - >> {"id":94,"sessionId":"A3D9D61A4B08F7E66678F362D91F6AB1","method":"Input.dispatchKeyEvent","params":{"modifiers":0,"type":"keyUp","text":"a","windowsVirtualKeyCode":65}}
21:39:40.664 [nioEventLoopGroup-2-1] DEBUG c.i.k.driver.chrome_1657510778564 - << {"id":94,"result":{},"sessionId":"A3D9D61A4B08F7E66678F362D91F6AB1"}
21:39:40.664 [main] DEBUG c.i.k.driver.chrome_1657510778564 - >> {"id":95,"sessionId":"A3D9D61A4B08F7E66678F362D91F6AB1","method":"Input.dispatchKeyEvent","params":{"modifiers":0,"type":"rawKeyDown","text":"t","windowsVirtualKeyCode":84}}
21:39:40.668 [nioEventLoopGroup-2-1] DEBUG c.i.k.driver.chrome_1657510778564 - << {"id":95,"result":{},"sessionId":"A3D9D61A4B08F7E66678F362D91F6AB1"}
21:39:40.668 [main] DEBUG c.i.k.driver.chrome_1657510778564 - >> {"id":96,"sessionId":"A3D9D61A4B08F7E66678F362D91F6AB1","method":"Input.dispatchKeyEvent","params":{"modifiers":0,"type":"char","text":"t","windowsVirtualKeyCode":84}}
21:39:40.671 [nioEventLoopGroup-2-1] DEBUG c.i.k.driver.chrome_1657510778564 - << {"id":96,"result":{},"sessionId":"A3D9D61A4B08F7E66678F362D91F6AB1"}
21:39:40.671 [main] DEBUG c.i.k.driver.chrome_1657510778564 - >> {"id":97,"sessionId":"A3D9D61A4B08F7E66678F362D91F6AB1","method":"Input.dispatchKeyEvent","params":{"modifiers":0,"type":"keyUp","text":"t","windowsVirtualKeyCode":84}}
21:39:40.672 [nioEventLoopGroup-2-1] DEBUG c.i.k.driver.chrome_1657510778564 - << {"id":97,"result":{},"sessionId":"A3D9D61A4B08F7E66678F362D91F6AB1"}
21:39:40.672 [main] DEBUG c.i.k.driver.chrome_1657510778564 - >> {"id":98,"sessionId":"A3D9D61A4B08F7E66678F362D91F6AB1","method":"Input.dispatchKeyEvent","params":{"modifiers":0,"type":"rawKeyDown","text":"h","windowsVirtualKeyCode":72}}
21:39:40.673 [nioEventLoopGroup-2-1] DEBUG c.i.k.driver.chrome_1657510778564 - << {"id":98,"result":{},"sessionId":"A3D9D61A4B08F7E66678F362D91F6AB1"}
21:39:40.673 [main] DEBUG c.i.k.driver.chrome_1657510778564 - >> {"id":99,"sessionId":"A3D9D61A4B08F7E66678F362D91F6AB1","method":"Input.dispatchKeyEvent","params":{"modifiers":0,"type":"char","text":"h","windowsVirtualKeyCode":72}}
21:39:40.675 [nioEventLoopGroup-2-1] DEBUG c.i.k.driver.chrome_1657510778564 - << {"id":99,"result":{},"sessionId":"A3D9D61A4B08F7E66678F362D91F6AB1"}
21:39:40.675 [main] DEBUG c.i.k.driver.chrome_1657510778564 - >> {"id":100,"sessionId":"A3D9D61A4B08F7E66678F362D91F6AB1","method":"Input.dispatchKeyEvent","params":{"modifiers":0,"type":"keyUp","text":"h","windowsVirtualKeyCode":72}}
21:39:40.676 [nioEventLoopGroup-2-1] DEBUG c.i.k.driver.chrome_1657510778564 - << {"id":100,"result":{},"sessionId":"A3D9D61A4B08F7E66678F362D91F6AB1"}
21:39:40.676 [main] DEBUG c.i.k.driver.chrome_1657510778564 - >> {"id":101,"sessionId":"A3D9D61A4B08F7E66678F362D91F6AB1","method":"Input.dispatchKeyEvent","params":{"modifiers":0,"type":"rawKeyDown","text":"e","windowsVirtualKeyCode":69}}
21:39:40.677 [nioEventLoopGroup-2-1] DEBUG c.i.k.driver.chrome_1657510778564 - << {"id":101,"result":{},"sessionId":"A3D9D61A4B08F7E66678F362D91F6AB1"}
21:39:40.677 [main] DEBUG c.i.k.driver.chrome_1657510778564 - >> {"id":102,"sessionId":"A3D9D61A4B08F7E66678F362D91F6AB1","method":"Input.dispatchKeyEvent","params":{"modifiers":0,"type":"char","text":"e","windowsVirtualKeyCode":69}}
21:39:40.679 [nioEventLoopGroup-2-1] DEBUG c.i.k.driver.chrome_1657510778564 - << {"id":102,"result":{},"sessionId":"A3D9D61A4B08F7E66678F362D91F6AB1"}
21:39:40.679 [main] DEBUG c.i.k.driver.chrome_1657510778564 - >> {"id":103,"sessionId":"A3D9D61A4B08F7E66678F362D91F6AB1","method":"Input.dispatchKeyEvent","params":{"modifiers":0,"type":"keyUp","text":"e","windowsVirtualKeyCode":69}}
21:39:40.680 [nioEventLoopGroup-2-1] DEBUG c.i.k.driver.chrome_1657510778564 - << {"id":103,"result":{},"sessionId":"A3D9D61A4B08F7E66678F362D91F6AB1"}
21:39:40.681 [main] DEBUG c.i.k.driver.chrome_1657510778564 - >> {"id":104,"sessionId":"A3D9D61A4B08F7E66678F362D91F6AB1","method":"Input.dispatchKeyEvent","params":{"modifiers":0,"type":"rawKeyDown","text":"r","windowsVirtualKeyCode":82}}
21:39:40.681 [nioEventLoopGroup-2-1] DEBUG c.i.k.driver.chrome_1657510778564 - << {"id":104,"result":{},"sessionId":"A3D9D61A4B08F7E66678F362D91F6AB1"}
21:39:40.682 [main] DEBUG c.i.k.driver.chrome_1657510778564 - >> {"id":105,"sessionId":"A3D9D61A4B08F7E66678F362D91F6AB1","method":"Input.dispatchKeyEvent","params":{"modifiers":0,"type":"char","text":"r","windowsVirtualKeyCode":82}}
21:39:40.684 [nioEventLoopGroup-2-1] DEBUG c.i.k.driver.chrome_1657510778564 - << {"id":105,"result":{},"sessionId":"A3D9D61A4B08F7E66678F362D91F6AB1"}
21:39:40.684 [main] DEBUG c.i.k.driver.chrome_1657510778564 - >> {"id":106,"sessionId":"A3D9D61A4B08F7E66678F362D91F6AB1","method":"Input.dispatchKeyEvent","params":{"modifiers":0,"type":"keyUp","text":"r","windowsVirtualKeyCode":82}}
21:39:40.685 [nioEventLoopGroup-2-1] DEBUG c.i.k.driver.chrome_1657510778564 - << {"id":106,"result":{},"sessionId":"A3D9D61A4B08F7E66678F362D91F6AB1"}
21:39:40.685 [main] DEBUG c.i.k.driver.chrome_1657510778564 - >> {"id":107,"sessionId":"A3D9D61A4B08F7E66678F362D91F6AB1","method":"Input.dispatchKeyEvent","params":{"modifiers":0,"type":"rawKeyDown","text":"i","windowsVirtualKeyCode":73}}
21:39:40.686 [nioEventLoopGroup-2-1] DEBUG c.i.k.driver.chrome_1657510778564 - << {"id":107,"result":{},"sessionId":"A3D9D61A4B08F7E66678F362D91F6AB1"}
21:39:40.686 [main] DEBUG c.i.k.driver.chrome_1657510778564 - >> {"id":108,"sessionId":"A3D9D61A4B08F7E66678F362D91F6AB1","method":"Input.dispatchKeyEvent","params":{"modifiers":0,"type":"char","text":"i","windowsVirtualKeyCode":73}}
21:39:40.688 [nioEventLoopGroup-2-1] DEBUG c.i.k.driver.chrome_1657510778564 - << {"id":108,"result":{},"sessionId":"A3D9D61A4B08F7E66678F362D91F6AB1"}
21:39:40.688 [main] DEBUG c.i.k.driver.chrome_1657510778564 - >> {"id":109,"sessionId":"A3D9D61A4B08F7E66678F362D91F6AB1","method":"Input.dispatchKeyEvent","params":{"modifiers":0,"type":"keyUp","text":"i","windowsVirtualKeyCode":73}}
21:39:40.689 [nioEventLoopGroup-2-1] DEBUG c.i.k.driver.chrome_1657510778564 - << {"id":109,"result":{},"sessionId":"A3D9D61A4B08F7E66678F362D91F6AB1"}
21:39:40.689 [main] DEBUG c.i.k.driver.chrome_1657510778564 - >> {"id":110,"sessionId":"A3D9D61A4B08F7E66678F362D91F6AB1","method":"Input.dispatchKeyEvent","params":{"modifiers":0,"type":"rawKeyDown","text":"n","windowsVirtualKeyCode":78}}
21:39:40.690 [nioEventLoopGroup-2-1] DEBUG c.i.k.driver.chrome_1657510778564 - << {"id":110,"result":{},"sessionId":"A3D9D61A4B08F7E66678F362D91F6AB1"}
21:39:40.691 [main] DEBUG c.i.k.driver.chrome_1657510778564 - >> {"id":111,"sessionId":"A3D9D61A4B08F7E66678F362D91F6AB1","method":"Input.dispatchKeyEvent","params":{"modifiers":0,"type":"char","text":"n","windowsVirtualKeyCode":78}}
21:39:40.693 [nioEventLoopGroup-2-1] DEBUG c.i.k.driver.chrome_1657510778564 - << {"id":111,"result":{},"sessionId":"A3D9D61A4B08F7E66678F362D91F6AB1"}
21:39:40.693 [main] DEBUG c.i.k.driver.chrome_1657510778564 - >> {"id":112,"sessionId":"A3D9D61A4B08F7E66678F362D91F6AB1","method":"Input.dispatchKeyEvent","params":{"modifiers":0,"type":"keyUp","text":"n","windowsVirtualKeyCode":78}}
21:39:40.693 [nioEventLoopGroup-2-1] DEBUG c.i.k.driver.chrome_1657510778564 - << {"id":112,"result":{},"sessionId":"A3D9D61A4B08F7E66678F362D91F6AB1"}
21:39:40.693 [main] DEBUG c.i.k.driver.chrome_1657510778564 - >> {"id":113,"sessionId":"A3D9D61A4B08F7E66678F362D91F6AB1","method":"Input.dispatchKeyEvent","params":{"modifiers":0,"type":"rawKeyDown","text":"e","windowsVirtualKeyCode":69}}
21:39:40.694 [nioEventLoopGroup-2-1] DEBUG c.i.k.driver.chrome_1657510778564 - << {"id":113,"result":{},"sessionId":"A3D9D61A4B08F7E66678F362D91F6AB1"}
21:39:40.694 [main] DEBUG c.i.k.driver.chrome_1657510778564 - >> {"id":114,"sessionId":"A3D9D61A4B08F7E66678F362D91F6AB1","method":"Input.dispatchKeyEvent","params":{"modifiers":0,"type":"char","text":"e","windowsVirtualKeyCode":69}}
21:39:40.696 [nioEventLoopGroup-2-1] DEBUG c.i.k.driver.chrome_1657510778564 - << {"id":114,"result":{},"sessionId":"A3D9D61A4B08F7E66678F362D91F6AB1"}
21:39:40.696 [main] DEBUG c.i.k.driver.chrome_1657510778564 - >> {"id":115,"sessionId":"A3D9D61A4B08F7E66678F362D91F6AB1","method":"Input.dispatchKeyEvent","params":{"modifiers":0,"type":"keyUp","text":"e","windowsVirtualKeyCode":69}}
21:39:40.697 [nioEventLoopGroup-2-1] DEBUG c.i.k.driver.chrome_1657510778564 - << {"id":115,"result":{},"sessionId":"A3D9D61A4B08F7E66678F362D91F6AB1"}
21:39:40.697 [main] DEBUG c.i.k.driver.chrome_1657510778564 - >> {"id":116,"sessionId":"A3D9D61A4B08F7E66678F362D91F6AB1","method":"Runtime.evaluate","params":{"expression":"var e = document.evaluate(\"\/\/input[@data-test='lastName']\", document, null, 9, null).singleNodeValue; e.focus(); try { e.selectionStart = e.selectionEnd = e.value.length } catch(x) {}","returnByValue":true}}
21:39:40.699 [nioEventLoopGroup-2-1] DEBUG c.i.k.driver.chrome_1657510778564 - << {"id":116,"result":{"result":{"type":"number","value":0,"description":"0"}},"sessionId":"A3D9D61A4B08F7E66678F362D91F6AB1"}
21:39:40.699 [main] WARN  c.i.k.driver.chrome_1657510778564 - unknown character / key code: P
21:39:40.699 [main] DEBUG c.i.k.driver.chrome_1657510778564 - >> {"id":117,"sessionId":"A3D9D61A4B08F7E66678F362D91F6AB1","method":"Input.dispatchKeyEvent","params":{"modifiers":0,"type":"char","text":"P"}}
21:39:40.701 [nioEventLoopGroup-2-1] DEBUG c.i.k.driver.chrome_1657510778564 - << {"id":117,"result":{},"sessionId":"A3D9D61A4B08F7E66678F362D91F6AB1"}
21:39:40.701 [main] DEBUG c.i.k.driver.chrome_1657510778564 - >> {"id":118,"sessionId":"A3D9D61A4B08F7E66678F362D91F6AB1","method":"Input.dispatchKeyEvent","params":{"modifiers":0,"type":"rawKeyDown","text":"e","windowsVirtualKeyCode":69}}
21:39:40.701 [nioEventLoopGroup-2-1] DEBUG c.i.k.driver.chrome_1657510778564 - << {"id":118,"result":{},"sessionId":"A3D9D61A4B08F7E66678F362D91F6AB1"}
21:39:40.702 [main] DEBUG c.i.k.driver.chrome_1657510778564 - >> {"id":119,"sessionId":"A3D9D61A4B08F7E66678F362D91F6AB1","method":"Input.dispatchKeyEvent","params":{"modifiers":0,"type":"char","text":"e","windowsVirtualKeyCode":69}}
21:39:40.703 [nioEventLoopGroup-2-1] DEBUG c.i.k.driver.chrome_1657510778564 - << {"id":119,"result":{},"sessionId":"A3D9D61A4B08F7E66678F362D91F6AB1"}
21:39:40.703 [main] DEBUG c.i.k.driver.chrome_1657510778564 - >> {"id":120,"sessionId":"A3D9D61A4B08F7E66678F362D91F6AB1","method":"Input.dispatchKeyEvent","params":{"modifiers":0,"type":"keyUp","text":"e","windowsVirtualKeyCode":69}}
21:39:40.704 [nioEventLoopGroup-2-1] DEBUG c.i.k.driver.chrome_1657510778564 - << {"id":120,"result":{},"sessionId":"A3D9D61A4B08F7E66678F362D91F6AB1"}
21:39:40.704 [main] DEBUG c.i.k.driver.chrome_1657510778564 - >> {"id":121,"sessionId":"A3D9D61A4B08F7E66678F362D91F6AB1","method":"Input.dispatchKeyEvent","params":{"modifiers":0,"type":"rawKeyDown","text":"r","windowsVirtualKeyCode":82}}
21:39:40.704 [nioEventLoopGroup-2-1] DEBUG c.i.k.driver.chrome_1657510778564 - << {"id":121,"result":{},"sessionId":"A3D9D61A4B08F7E66678F362D91F6AB1"}
21:39:40.704 [main] DEBUG c.i.k.driver.chrome_1657510778564 - >> {"id":122,"sessionId":"A3D9D61A4B08F7E66678F362D91F6AB1","method":"Input.dispatchKeyEvent","params":{"modifiers":0,"type":"char","text":"r","windowsVirtualKeyCode":82}}
21:39:40.706 [nioEventLoopGroup-2-1] DEBUG c.i.k.driver.chrome_1657510778564 - << {"id":122,"result":{},"sessionId":"A3D9D61A4B08F7E66678F362D91F6AB1"}
21:39:40.707 [main] DEBUG c.i.k.driver.chrome_1657510778564 - >> {"id":123,"sessionId":"A3D9D61A4B08F7E66678F362D91F6AB1","method":"Input.dispatchKeyEvent","params":{"modifiers":0,"type":"keyUp","text":"r","windowsVirtualKeyCode":82}}
21:39:40.707 [nioEventLoopGroup-2-1] DEBUG c.i.k.driver.chrome_1657510778564 - << {"id":123,"result":{},"sessionId":"A3D9D61A4B08F7E66678F362D91F6AB1"}
21:39:40.708 [main] DEBUG c.i.k.driver.chrome_1657510778564 - >> {"id":124,"sessionId":"A3D9D61A4B08F7E66678F362D91F6AB1","method":"Input.dispatchKeyEvent","params":{"modifiers":0,"type":"rawKeyDown","text":"e","windowsVirtualKeyCode":69}}
21:39:40.708 [nioEventLoopGroup-2-1] DEBUG c.i.k.driver.chrome_1657510778564 - << {"id":124,"result":{},"sessionId":"A3D9D61A4B08F7E66678F362D91F6AB1"}
21:39:40.708 [main] DEBUG c.i.k.driver.chrome_1657510778564 - >> {"id":125,"sessionId":"A3D9D61A4B08F7E66678F362D91F6AB1","method":"Input.dispatchKeyEvent","params":{"modifiers":0,"type":"char","text":"e","windowsVirtualKeyCode":69}}
21:39:40.710 [nioEventLoopGroup-2-1] DEBUG c.i.k.driver.chrome_1657510778564 - << {"id":125,"result":{},"sessionId":"A3D9D61A4B08F7E66678F362D91F6AB1"}
21:39:40.710 [main] DEBUG c.i.k.driver.chrome_1657510778564 - >> {"id":126,"sessionId":"A3D9D61A4B08F7E66678F362D91F6AB1","method":"Input.dispatchKeyEvent","params":{"modifiers":0,"type":"keyUp","text":"e","windowsVirtualKeyCode":69}}
21:39:40.711 [nioEventLoopGroup-2-1] DEBUG c.i.k.driver.chrome_1657510778564 - << {"id":126,"result":{},"sessionId":"A3D9D61A4B08F7E66678F362D91F6AB1"}
21:39:40.711 [main] DEBUG c.i.k.driver.chrome_1657510778564 - >> {"id":127,"sessionId":"A3D9D61A4B08F7E66678F362D91F6AB1","method":"Input.dispatchKeyEvent","params":{"modifiers":0,"type":"rawKeyDown","text":"z","windowsVirtualKeyCode":90}}
21:39:40.711 [nioEventLoopGroup-2-1] DEBUG c.i.k.driver.chrome_1657510778564 - << {"id":127,"result":{},"sessionId":"A3D9D61A4B08F7E66678F362D91F6AB1"}
21:39:40.711 [main] DEBUG c.i.k.driver.chrome_1657510778564 - >> {"id":128,"sessionId":"A3D9D61A4B08F7E66678F362D91F6AB1","method":"Input.dispatchKeyEvent","params":{"modifiers":0,"type":"char","text":"z","windowsVirtualKeyCode":90}}
21:39:40.713 [nioEventLoopGroup-2-1] DEBUG c.i.k.driver.chrome_1657510778564 - << {"id":128,"result":{},"sessionId":"A3D9D61A4B08F7E66678F362D91F6AB1"}
21:39:40.713 [main] DEBUG c.i.k.driver.chrome_1657510778564 - >> {"id":129,"sessionId":"A3D9D61A4B08F7E66678F362D91F6AB1","method":"Input.dispatchKeyEvent","params":{"modifiers":0,"type":"keyUp","text":"z","windowsVirtualKeyCode":90}}
21:39:40.714 [nioEventLoopGroup-2-1] DEBUG c.i.k.driver.chrome_1657510778564 - << {"id":129,"result":{},"sessionId":"A3D9D61A4B08F7E66678F362D91F6AB1"}
21:39:40.715 [main] DEBUG c.i.k.driver.chrome_1657510778564 - >> {"id":130,"sessionId":"A3D9D61A4B08F7E66678F362D91F6AB1","method":"Runtime.evaluate","params":{"expression":"var e = document.evaluate(\"\/\/input[@data-test='postalCode']\", document, null, 9, null).singleNodeValue; e.focus(); try { e.selectionStart = e.selectionEnd = e.value.length } catch(x) {}","returnByValue":true}}
21:39:40.716 [nioEventLoopGroup-2-1] DEBUG c.i.k.driver.chrome_1657510778564 - << {"id":130,"result":{"result":{"type":"number","value":0,"description":"0"}},"sessionId":"A3D9D61A4B08F7E66678F362D91F6AB1"}
21:39:40.716 [main] DEBUG c.i.k.driver.chrome_1657510778564 - >> {"id":131,"sessionId":"A3D9D61A4B08F7E66678F362D91F6AB1","method":"Input.dispatchKeyEvent","params":{"modifiers":0,"type":"rawKeyDown","text":"5","windowsVirtualKeyCode":53}}
21:39:40.716 [nioEventLoopGroup-2-1] DEBUG c.i.k.driver.chrome_1657510778564 - << {"id":131,"result":{},"sessionId":"A3D9D61A4B08F7E66678F362D91F6AB1"}
21:39:40.717 [main] DEBUG c.i.k.driver.chrome_1657510778564 - >> {"id":132,"sessionId":"A3D9D61A4B08F7E66678F362D91F6AB1","method":"Input.dispatchKeyEvent","params":{"modifiers":0,"type":"char","text":"5","windowsVirtualKeyCode":53}}
21:39:40.718 [nioEventLoopGroup-2-1] DEBUG c.i.k.driver.chrome_1657510778564 - << {"id":132,"result":{},"sessionId":"A3D9D61A4B08F7E66678F362D91F6AB1"}
21:39:40.718 [main] DEBUG c.i.k.driver.chrome_1657510778564 - >> {"id":133,"sessionId":"A3D9D61A4B08F7E66678F362D91F6AB1","method":"Input.dispatchKeyEvent","params":{"modifiers":0,"type":"keyUp","text":"5","windowsVirtualKeyCode":53}}
21:39:40.719 [nioEventLoopGroup-2-1] DEBUG c.i.k.driver.chrome_1657510778564 - << {"id":133,"result":{},"sessionId":"A3D9D61A4B08F7E66678F362D91F6AB1"}
21:39:40.719 [main] DEBUG c.i.k.driver.chrome_1657510778564 - >> {"id":134,"sessionId":"A3D9D61A4B08F7E66678F362D91F6AB1","method":"Input.dispatchKeyEvent","params":{"modifiers":0,"type":"rawKeyDown","text":"0","windowsVirtualKeyCode":48}}
21:39:40.719 [nioEventLoopGroup-2-1] DEBUG c.i.k.driver.chrome_1657510778564 - << {"id":134,"result":{},"sessionId":"A3D9D61A4B08F7E66678F362D91F6AB1"}
21:39:40.719 [main] DEBUG c.i.k.driver.chrome_1657510778564 - >> {"id":135,"sessionId":"A3D9D61A4B08F7E66678F362D91F6AB1","method":"Input.dispatchKeyEvent","params":{"modifiers":0,"type":"char","text":"0","windowsVirtualKeyCode":48}}
21:39:40.721 [nioEventLoopGroup-2-1] DEBUG c.i.k.driver.chrome_1657510778564 - << {"id":135,"result":{},"sessionId":"A3D9D61A4B08F7E66678F362D91F6AB1"}
21:39:40.721 [main] DEBUG c.i.k.driver.chrome_1657510778564 - >> {"id":136,"sessionId":"A3D9D61A4B08F7E66678F362D91F6AB1","method":"Input.dispatchKeyEvent","params":{"modifiers":0,"type":"keyUp","text":"0","windowsVirtualKeyCode":48}}
21:39:40.722 [nioEventLoopGroup-2-1] DEBUG c.i.k.driver.chrome_1657510778564 - << {"id":136,"result":{},"sessionId":"A3D9D61A4B08F7E66678F362D91F6AB1"}
21:39:40.722 [main] DEBUG c.i.k.driver.chrome_1657510778564 - >> {"id":137,"sessionId":"A3D9D61A4B08F7E66678F362D91F6AB1","method":"Input.dispatchKeyEvent","params":{"modifiers":0,"type":"rawKeyDown","text":"5","windowsVirtualKeyCode":53}}
21:39:40.723 [nioEventLoopGroup-2-1] DEBUG c.i.k.driver.chrome_1657510778564 - << {"id":137,"result":{},"sessionId":"A3D9D61A4B08F7E66678F362D91F6AB1"}
21:39:40.723 [main] DEBUG c.i.k.driver.chrome_1657510778564 - >> {"id":138,"sessionId":"A3D9D61A4B08F7E66678F362D91F6AB1","method":"Input.dispatchKeyEvent","params":{"modifiers":0,"type":"char","text":"5","windowsVirtualKeyCode":53}}
21:39:40.724 [nioEventLoopGroup-2-1] DEBUG c.i.k.driver.chrome_1657510778564 - << {"id":138,"result":{},"sessionId":"A3D9D61A4B08F7E66678F362D91F6AB1"}
21:39:40.725 [main] DEBUG c.i.k.driver.chrome_1657510778564 - >> {"id":139,"sessionId":"A3D9D61A4B08F7E66678F362D91F6AB1","method":"Input.dispatchKeyEvent","params":{"modifiers":0,"type":"keyUp","text":"5","windowsVirtualKeyCode":53}}
21:39:40.725 [nioEventLoopGroup-2-1] DEBUG c.i.k.driver.chrome_1657510778564 - << {"id":139,"result":{},"sessionId":"A3D9D61A4B08F7E66678F362D91F6AB1"}
21:39:40.726 [main] DEBUG c.i.k.driver.chrome_1657510778564 - >> {"id":140,"sessionId":"A3D9D61A4B08F7E66678F362D91F6AB1","method":"Runtime.evaluate","params":{"expression":"document.evaluate(\"\/\/input[@id='continue']\", document, null, 9, null).singleNodeValue.click()","returnByValue":true}}
21:39:40.728 [nioEventLoopGroup-2-1] DEBUG c.i.k.driver.chrome_1657510778564 - << {"method":"Target.targetInfoChanged","params":{"targetInfo":{"targetId":"67252CE3E4FE0F62F01F7642FB907C23","type":"page","title":"Swag Labs","url":"https://www.saucedemo.com/checkout-step-two.html","attached":true,"canAccessOpener":false,"browserContextId":"DDDC7E3878D7CC440404011E91DDC41C"}},"sessionId":"A3D9D61A4B08F7E66678F362D91F6AB1"}
21:39:40.729 [nioEventLoopGroup-2-1] DEBUG c.i.k.driver.chrome_1657510778564 - << {"method":"Page.navigatedWithinDocument","params":{"frameId":"67252CE3E4FE0F62F01F7642FB907C23","url":"https://www.saucedemo.com/checkout-step-two.html"},"sessionId":"A3D9D61A4B08F7E66678F362D91F6AB1"}
21:39:40.730 [nioEventLoopGroup-2-1] DEBUG c.i.k.driver.chrome_1657510778564 - << {"id":140,"result":{"result":{"type":"undefined"}},"sessionId":"A3D9D61A4B08F7E66678F362D91F6AB1"}
21:39:40.732 [main] DEBUG c.i.k.driver.chrome_1657510778564 - >> {"id":141,"sessionId":"A3D9D61A4B08F7E66678F362D91F6AB1","method":"Runtime.evaluate","params":{"expression":"(document.querySelector(\".summary_info_label\") != null)","returnByValue":true}}
21:39:40.733 [nioEventLoopGroup-2-1] DEBUG c.i.k.driver.chrome_1657510778564 - << {"id":141,"result":{"result":{"type":"boolean","value":true}},"sessionId":"A3D9D61A4B08F7E66678F362D91F6AB1"}
21:39:40.734 [main] DEBUG c.i.k.driver.chrome_1657510778564 - >> {"id":142,"sessionId":"A3D9D61A4B08F7E66678F362D91F6AB1","method":"Runtime.evaluate","params":{"expression":"document.evaluate(\"\/\/button[@id='finish']\", document, null, 9, null).singleNodeValue.click()","returnByValue":true}}
21:39:40.736 [nioEventLoopGroup-2-1] DEBUG c.i.k.driver.chrome_1657510778564 - << {"method":"Target.targetInfoChanged","params":{"targetInfo":{"targetId":"67252CE3E4FE0F62F01F7642FB907C23","type":"page","title":"Swag Labs","url":"https://www.saucedemo.com/checkout-complete.html","attached":true,"canAccessOpener":false,"browserContextId":"DDDC7E3878D7CC440404011E91DDC41C"}},"sessionId":"A3D9D61A4B08F7E66678F362D91F6AB1"}
21:39:40.736 [nioEventLoopGroup-2-1] DEBUG c.i.k.driver.chrome_1657510778564 - << {"method":"Page.navigatedWithinDocument","params":{"frameId":"67252CE3E4FE0F62F01F7642FB907C23","url":"https://www.saucedemo.com/checkout-complete.html"},"sessionId":"A3D9D61A4B08F7E66678F362D91F6AB1"}
21:39:40.736 [nioEventLoopGroup-2-1] DEBUG c.i.k.driver.chrome_1657510778564 - << {"id":142,"result":{"result":{"type":"undefined"}},"sessionId":"A3D9D61A4B08F7E66678F362D91F6AB1"}
21:39:40.737 [main] DEBUG c.i.k.driver.chrome_1657510778564 - >> {"id":143,"sessionId":"A3D9D61A4B08F7E66678F362D91F6AB1","method":"Runtime.evaluate","params":{"expression":"(document.evaluate(\"\/\/h2[contains(text(),'THANK YOU FOR YOUR ORDER')]\", document, null, 9, null).singleNodeValue != null)","returnByValue":true}}
21:39:40.738 [nioEventLoopGroup-2-1] DEBUG c.i.k.driver.chrome_1657510778564 - << {"id":143,"result":{"result":{"type":"boolean","value":true}},"sessionId":"A3D9D61A4B08F7E66678F362D91F6AB1"}
21:39:40.738 [main] DEBUG c.i.k.driver.chrome_1657510778564 - >> {"id":144,"sessionId":"A3D9D61A4B08F7E66678F362D91F6AB1","method":"Target.closeTarget","params":{"targetId":"67252CE3E4FE0F62F01F7642FB907C23"}}
21:39:40.739 [nioEventLoopGroup-2-1] DEBUG c.i.k.driver.chrome_1657510778564 - << {"id":144,"result":{"success":true},"sessionId":"A3D9D61A4B08F7E66678F362D91F6AB1"}
21:39:40.740 [nioEventLoopGroup-2-1] DEBUG c.i.k.http.WebSocketClientHandler - websocket client disconnected
21:39:40.743 [main] DEBUG com.intuit.karate.shell.Command - closing command: chrome_1657510778564
21:39:40.751 [chrome_1657510778564] WARN  com.intuit.karate.shell.Command - exit code was non-zero: 137 - [/Applications/Google Chrome.app/Contents/MacOS/Google Chrome, --remote-debugging-port=9222, --no-first-run, --user-data-dir=/Users/katherineperezgonzalez/eclipse-workspace/Exercise-1/target/chrome_1657510778564, --disable-popup-blocking] working dir: target/chrome_1657510778564
